<?xml version="1.0" encoding="UTF-8"?>
<!-- Generated by org.testng.reporters.JUnitReportReporter -->
<testsuite skipped="0" hostname="DESKTOP-44FFRGA" name="wells.qlearn.testcases.homePageValidation" tests="1" failures="0" timestamp="28 Feb 2020 22:18:21 GMT" time="19.322" errors="0">
  <testcase name="verifyHomePage" time="19.322" classname="wells.qlearn.testcases.homePageValidation"/>
</testsuite> <!-- wells.qlearn.testcases.homePageValidation -->
